<!DOCTYPE html>
<html>
<head>
    <title>Unittest Results</title>
    <meta charset="utf-8">
    <meta name="viewport" content="width=device-width, initial-scale=1.0">
    <link rel="stylesheet" href="https://maxcdn.bootstrapcdn.com/bootstrap/3.3.6/css/bootstrap.min.css" integrity="sha384-1q8mTJOASx8j1Au+a5WDVnPi2lkFfwwEAa8hDDdjZlpLegxhjVME1fgjWPGmkzs7" crossorigin="anonymous">
</head>
<body>
    <div class="container">
        <div class="row">
            <div class="col-xs-12">
                <h2 class="text-capitalize">Unittest Results</h2>
                <p class='attribute'><strong>Start Time: </strong>2023-02-23 18:06:34</p>
                <p class='attribute'><strong>Duration: </strong>7.96 s</p>
                <p class='attribute'><strong>Summary: </strong>Total: 2, Pass: 0, Error: 2</p>
            </div>
        </div>
        <div class="row">
            <div class="col-xs-12 col-sm-10 col-md-10">
                <table class='table table-hover table-responsive'>
                    <thead>
                        <tr>
                            <th>__main__.TestLogin</th>
                            <th>Status</th>
                            <th></th>
                        </tr>
                    </thead>
                    <tbody>
                        <tr class='warning'>
                            <td class="col-xs-10">test_login</td>
                            <td class="col-xs-1">
                                <span class="label label-warning" style="display:block;width:40px;">Error</span>
                            </td>
                            <td class="col-xs-1">
                                <button class="btn btn-default btn-xs">View</button>
                            </td>
                        </tr>
                        <tr style="display:none;">
                            <td class="col-xs-9" colspan="3"><p style="color:maroon;">PermissionError: [Errno 13] Permission denied: 'C:\\Users\\Systems\\Desktop\\admin no commerce.xlsx'</p><p style="color:maroon;">Traceback (most recent call last):
  File "C:\Users\Systems\PycharmProjects\Assigmentnocommerce\testdata1.py", line 27, in test_login
    xutility.writecolumn(self.file,"Sheet1",r,3,"Pass")
  File "C:\Users\Systems\PycharmProjects\Assigmentnocommerce\xutility.py", line 22, in writecolumn
    workbook.save(file)
  File "C:\Users\Systems\AppData\Local\Programs\Python\Python310\lib\site-packages\openpyxl\workbook\workbook.py", line 386, in save
    save_workbook(self, filename)
  File "C:\Users\Systems\AppData\Local\Programs\Python\Python310\lib\site-packages\openpyxl\writer\excel.py", line 302, in save_workbook
    archive = ZipFile(filename, 'w', ZIP_DEFLATED, allowZip64=True)
  File "C:\Users\Systems\AppData\Local\Programs\Python\Python310\lib\zipfile.py", line 1249, in __init__
    self.fp = io.open(file, filemode)
PermissionError: [Errno 13] Permission denied: 'C:\\Users\\Systems\\Desktop\\admin no commerce.xlsx'
</p>
                            </td>
                        </tr>
                        <tr class='warning'>
                            <td class="col-xs-10">test_login1</td>
                            <td class="col-xs-1">
                                <span class="label label-warning" style="display:block;width:40px;">Error</span>
                            </td>
                            <td class="col-xs-1">
                                <button class="btn btn-default btn-xs">View</button>
                            </td>
                        </tr>
                        <tr style="display:none;">
                            <td class="col-xs-9" colspan="3"><p style="color:maroon;">NoSuchElementException: Message: no such element: Unable to locate element: {"method":"xpath","selector":"//input[@id='Email']"}
  (Session info: chrome=109.0.5414.122)
Stacktrace:
Backtrace:
	(No symbol) [0x0069F243]
	(No symbol) [0x00627FD1]
	(No symbol) [0x0051D04D]
	(No symbol) [0x0054C0B0]
	(No symbol) [0x0054C22B]
	(No symbol) [0x0057E612]
	(No symbol) [0x005685D4]
	(No symbol) [0x0057C9EB]
	(No symbol) [0x00568386]
	(No symbol) [0x0054163C]
	(No symbol) [0x0054269D]
	GetHandleVerifier [0x00939A22+2655074]
	GetHandleVerifier [0x0092CA24+2601828]
	GetHandleVerifier [0x00748C0A+619850]
	GetHandleVerifier [0x00747830+614768]
	(No symbol) [0x006305FC]
	(No symbol) [0x00635968]
	(No symbol) [0x00635A55]
	(No symbol) [0x0064051B]
	BaseThreadInitThunk [0x76A100F9+25]
	RtlGetAppContainerNamedObjectPath [0x77727BBE+286]
	RtlGetAppContainerNamedObjectPath [0x77727B8E+238]
</p><p style="color:maroon;">Traceback (most recent call last):
  File "C:\Users\Systems\PycharmProjects\Assigmentnocommerce\testdata1.py", line 37, in test_login1
    self.driver.find_element(By.XPATH, "//input[@id='Email']").clear()
  File "C:\Users\Systems\AppData\Local\Programs\Python\Python310\lib\site-packages\selenium\webdriver\remote\webdriver.py", line 856, in find_element
    return self.execute(Command.FIND_ELEMENT, {
  File "C:\Users\Systems\AppData\Local\Programs\Python\Python310\lib\site-packages\selenium\webdriver\remote\webdriver.py", line 429, in execute
    self.error_handler.check_response(response)
  File "C:\Users\Systems\AppData\Local\Programs\Python\Python310\lib\site-packages\selenium\webdriver\remote\errorhandler.py", line 243, in check_response
    raise exception_class(message, screen, stacktrace)
selenium.common.exceptions.NoSuchElementException: Message: no such element: Unable to locate element: {"method":"xpath","selector":"//input[@id='Email']"}
  (Session info: chrome=109.0.5414.122)
Stacktrace:
Backtrace:
	(No symbol) [0x0069F243]
	(No symbol) [0x00627FD1]
	(No symbol) [0x0051D04D]
	(No symbol) [0x0054C0B0]
	(No symbol) [0x0054C22B]
	(No symbol) [0x0057E612]
	(No symbol) [0x005685D4]
	(No symbol) [0x0057C9EB]
	(No symbol) [0x00568386]
	(No symbol) [0x0054163C]
	(No symbol) [0x0054269D]
	GetHandleVerifier [0x00939A22+2655074]
	GetHandleVerifier [0x0092CA24+2601828]
	GetHandleVerifier [0x00748C0A+619850]
	GetHandleVerifier [0x00747830+614768]
	(No symbol) [0x006305FC]
	(No symbol) [0x00635968]
	(No symbol) [0x00635A55]
	(No symbol) [0x0064051B]
	BaseThreadInitThunk [0x76A100F9+25]
	RtlGetAppContainerNamedObjectPath [0x77727BBE+286]
	RtlGetAppContainerNamedObjectPath [0x77727B8E+238]

</p>
                            </td>
                        </tr>
                        <tr>
                            <td colspan="3">
                                Total: 2, Pass: 0, Error: 2 -- Duration: 7.96 s
                            </td>
                        </tr>
                    </tbody>
                </table>
            </div>
        </div>
    </div>
    <script src="https://ajax.googleapis.com/ajax/libs/jquery/2.2.4/jquery.min.js"></script>
    <script type="text/javascript">
        $(document).ready(function(){
            $('td').on('click', '.btn', function(e){
                e.preventDefault();
                e.stopImmediatePropagation();
                var $this = $(this);
                var $nextRow = $this.closest('tr').next('tr');
                $nextRow.slideToggle("fast");
                $this.text(function(i, text){
                    if (text === 'View') {
                        return 'Hide';
                    } else {
                        return 'View';
                    };
                });
            });
        });
    </script>
</body>
</html